
*** Running vivado
    with args -log top.vds -m64 -product Vivado -mode batch -messageDb vivado.pb -notrace -source top.tcl



****** Vivado v2024.1 (64-bit)
  **** SW Build 5076996 on Wed May 22 18:37:14 MDT 2024
  **** IP Build 5075265 on Wed May 22 21:45:21 MDT 2024
  **** SharedData Build 5076995 on Wed May 22 18:29:18 MDT 2024
  **** Start of session at: Mon Aug 26 20:44:26 2024
    ** Copyright 1986-2022 Xilinx, Inc. All Rights Reserved.
    ** Copyright 2022-2024 Advanced Micro Devices, Inc. All Rights Reserved.

source top.tcl -notrace
create_project: Time (s): cpu = 00:00:01 ; elapsed = 00:00:06 . Memory (MB): peak = 663.695 ; gain = 233.227
Command: read_checkpoint -auto_incremental -incremental {C:/Users/kevin/OneDrive/Documents/GitHub/Projectos FPGA/project_5/project_5.srcs/utils_1/imports/synth_1/top.dcp}
INFO: [Vivado 12-5825] Read reference checkpoint from C:/Users/kevin/OneDrive/Documents/GitHub/Projectos FPGA/project_5/project_5.srcs/utils_1/imports/synth_1/top.dcp for incremental synthesis
INFO: [Vivado 12-7989] Please ensure there are no constraint changes
Command: synth_design -top top -part xc7a35tcpg236-1
Starting synth_design
Attempting to get a license for feature 'Synthesis' and/or device 'xc7a35t'
INFO: [Common 17-349] Got license for feature 'Synthesis' and/or device 'xc7a35t'
INFO: [Device 21-403] Loading part xc7a35tcpg236-1
INFO: [Device 21-9227] Part: xc7a35tcpg236-1 does not have CEAM library.
INFO: [Designutils 20-5440] No compile time benefit to using incremental synthesis; A full resynthesis will be run
INFO: [Designutils 20-4379] Flow is switching to default flow due to incremental criteria not met. If you would like to alter this behaviour and have the flow terminate instead, please set the following parameter config_implementation {autoIncr.Synth.RejectBehavior Terminate}
INFO: [Synth 8-7079] Multithreading enabled for synth_design using a maximum of 2 processes.
INFO: [Synth 8-7078] Launching helper process for spawning children vivado processes
INFO: [Synth 8-7075] Helper process launched with PID 29920
---------------------------------------------------------------------------------
Starting RTL Elaboration : Time (s): cpu = 00:00:01 ; elapsed = 00:00:04 . Memory (MB): peak = 1515.109 ; gain = 447.477
---------------------------------------------------------------------------------
INFO: [Synth 8-6157] synthesizing module 'top' [C:/Users/kevin/OneDrive/Documents/GitHub/Projectos FPGA/project_5/project_5.srcs/sources_1/new/top.v:4]
INFO: [Synth 8-6157] synthesizing module 'clock_divider' [C:/Users/kevin/OneDrive/Documents/GitHub/Projectos FPGA/project_5/project_5.srcs/sources_1/new/Clock_divider.v:5]
INFO: [Synth 8-6155] done synthesizing module 'clock_divider' (0#1) [C:/Users/kevin/OneDrive/Documents/GitHub/Projectos FPGA/project_5/project_5.srcs/sources_1/new/Clock_divider.v:5]
WARNING: [Synth 8-151] case item 32'b00000000000000000000000000000010 is unreachable [C:/Users/kevin/OneDrive/Documents/GitHub/Projectos FPGA/project_5/project_5.srcs/sources_1/new/top.v:40]
WARNING: [Synth 8-151] case item 32'b00000000000000000000000000000011 is unreachable [C:/Users/kevin/OneDrive/Documents/GitHub/Projectos FPGA/project_5/project_5.srcs/sources_1/new/top.v:41]
WARNING: [Synth 8-151] case item 32'b00000000000000000000000000000100 is unreachable [C:/Users/kevin/OneDrive/Documents/GitHub/Projectos FPGA/project_5/project_5.srcs/sources_1/new/top.v:42]
WARNING: [Synth 8-151] case item 32'b00000000000000000000000000000101 is unreachable [C:/Users/kevin/OneDrive/Documents/GitHub/Projectos FPGA/project_5/project_5.srcs/sources_1/new/top.v:43]
WARNING: [Synth 8-151] case item 32'b00000000000000000000000000000110 is unreachable [C:/Users/kevin/OneDrive/Documents/GitHub/Projectos FPGA/project_5/project_5.srcs/sources_1/new/top.v:44]
WARNING: [Synth 8-151] case item 32'b00000000000000000000000000000111 is unreachable [C:/Users/kevin/OneDrive/Documents/GitHub/Projectos FPGA/project_5/project_5.srcs/sources_1/new/top.v:45]
WARNING: [Synth 8-151] case item 32'b00000000000000000000000000001000 is unreachable [C:/Users/kevin/OneDrive/Documents/GitHub/Projectos FPGA/project_5/project_5.srcs/sources_1/new/top.v:46]
WARNING: [Synth 8-151] case item 32'b00000000000000000000000000001001 is unreachable [C:/Users/kevin/OneDrive/Documents/GitHub/Projectos FPGA/project_5/project_5.srcs/sources_1/new/top.v:47]
WARNING: [Synth 8-151] case item 32'b00000000000000000000000000001010 is unreachable [C:/Users/kevin/OneDrive/Documents/GitHub/Projectos FPGA/project_5/project_5.srcs/sources_1/new/top.v:48]
WARNING: [Synth 8-151] case item 32'b00000000000000000000000000001011 is unreachable [C:/Users/kevin/OneDrive/Documents/GitHub/Projectos FPGA/project_5/project_5.srcs/sources_1/new/top.v:49]
WARNING: [Synth 8-151] case item 32'b00000000000000000000000000001100 is unreachable [C:/Users/kevin/OneDrive/Documents/GitHub/Projectos FPGA/project_5/project_5.srcs/sources_1/new/top.v:50]
WARNING: [Synth 8-151] case item 32'b00000000000000000000000000001101 is unreachable [C:/Users/kevin/OneDrive/Documents/GitHub/Projectos FPGA/project_5/project_5.srcs/sources_1/new/top.v:51]
WARNING: [Synth 8-151] case item 32'b00000000000000000000000000001110 is unreachable [C:/Users/kevin/OneDrive/Documents/GitHub/Projectos FPGA/project_5/project_5.srcs/sources_1/new/top.v:52]
WARNING: [Synth 8-151] case item 32'b00000000000000000000000000001111 is unreachable [C:/Users/kevin/OneDrive/Documents/GitHub/Projectos FPGA/project_5/project_5.srcs/sources_1/new/top.v:53]
INFO: [Synth 8-226] default block is never used [C:/Users/kevin/OneDrive/Documents/GitHub/Projectos FPGA/project_5/project_5.srcs/sources_1/new/top.v:37]
INFO: [Synth 8-6155] done synthesizing module 'top' (0#1) [C:/Users/kevin/OneDrive/Documents/GitHub/Projectos FPGA/project_5/project_5.srcs/sources_1/new/top.v:4]
WARNING: [Synth 8-3917] design top has port Leds[15] driven by constant 0
WARNING: [Synth 8-3917] design top has port Leds[14] driven by constant 0
WARNING: [Synth 8-3917] design top has port Leds[13] driven by constant 0
WARNING: [Synth 8-3917] design top has port Leds[12] driven by constant 0
WARNING: [Synth 8-3917] design top has port Leds[11] driven by constant 0
WARNING: [Synth 8-3917] design top has port Leds[10] driven by constant 0
WARNING: [Synth 8-3917] design top has port Leds[9] driven by constant 0
WARNING: [Synth 8-3917] design top has port Leds[8] driven by constant 0
WARNING: [Synth 8-3917] design top has port Leds[7] driven by constant 0
WARNING: [Synth 8-3917] design top has port Leds[6] driven by constant 0
WARNING: [Synth 8-3917] design top has port Leds[5] driven by constant 0
WARNING: [Synth 8-3917] design top has port Leds[4] driven by constant 0
WARNING: [Synth 8-3917] design top has port Leds[3] driven by constant 0
WARNING: [Synth 8-3917] design top has port Leds[2] driven by constant 0
---------------------------------------------------------------------------------
Finished RTL Elaboration : Time (s): cpu = 00:00:01 ; elapsed = 00:00:05 . Memory (MB): peak = 1624.629 ; gain = 556.996
---------------------------------------------------------------------------------
---------------------------------------------------------------------------------
Start Handling Custom Attributes
---------------------------------------------------------------------------------
---------------------------------------------------------------------------------
Finished Handling Custom Attributes : Time (s): cpu = 00:00:01 ; elapsed = 00:00:05 . Memory (MB): peak = 1624.629 ; gain = 556.996
---------------------------------------------------------------------------------
---------------------------------------------------------------------------------
Finished RTL Optimization Phase 1 : Time (s): cpu = 00:00:01 ; elapsed = 00:00:05 . Memory (MB): peak = 1624.629 ; gain = 556.996
---------------------------------------------------------------------------------
Netlist sorting complete. Time (s): cpu = 00:00:00 ; elapsed = 00:00:00.001 . Memory (MB): peak = 1624.629 ; gain = 0.000
INFO: [Project 1-570] Preparing netlist for logic optimization

Processing XDC Constraints
Initializing timing engine
Parsing XDC File [C:/Users/kevin/OneDrive/Documents/GitHub/Projectos FPGA/Basys-3-Master.xdc]
Finished Parsing XDC File [C:/Users/kevin/OneDrive/Documents/GitHub/Projectos FPGA/Basys-3-Master.xdc]
INFO: [Project 1-236] Implementation specific constraints were found while reading constraint file [C:/Users/kevin/OneDrive/Documents/GitHub/Projectos FPGA/Basys-3-Master.xdc]. These constraints will be ignored for synthesis but will be used in implementation. Impacted constraints are listed in the file [.Xil/top_propImpl.xdc].
Resolution: To avoid this warning, move constraints listed in [.Xil/top_propImpl.xdc] to another XDC file and exclude this new file from synthesis with the used_in_synthesis property (File Properties dialog in GUI) and re-run elaboration/synthesis.
Completed Processing XDC Constraints

Netlist sorting complete. Time (s): cpu = 00:00:00 ; elapsed = 00:00:00 . Memory (MB): peak = 1662.656 ; gain = 0.000
INFO: [Project 1-111] Unisim Transformation Summary:
No Unisim elements were transformed.

Constraint Validation Runtime : Time (s): cpu = 00:00:00 ; elapsed = 00:00:00.001 . Memory (MB): peak = 1662.656 ; gain = 0.000
INFO: [Designutils 20-5440] No compile time benefit to using incremental synthesis; A full resynthesis will be run
INFO: [Designutils 20-4379] Flow is switching to default flow due to incremental criteria not met. If you would like to alter this behaviour and have the flow terminate instead, please set the following parameter config_implementation {autoIncr.Synth.RejectBehavior Terminate}
---------------------------------------------------------------------------------
Finished Constraint Validation : Time (s): cpu = 00:00:02 ; elapsed = 00:00:10 . Memory (MB): peak = 1662.656 ; gain = 595.023
---------------------------------------------------------------------------------
---------------------------------------------------------------------------------
Start Loading Part and Timing Information
---------------------------------------------------------------------------------
Loading part: xc7a35tcpg236-1
---------------------------------------------------------------------------------
Finished Loading Part and Timing Information : Time (s): cpu = 00:00:02 ; elapsed = 00:00:10 . Memory (MB): peak = 1662.656 ; gain = 595.023
---------------------------------------------------------------------------------
---------------------------------------------------------------------------------
Start Applying 'set_property' XDC Constraints
---------------------------------------------------------------------------------
---------------------------------------------------------------------------------
Finished applying 'set_property' XDC Constraints : Time (s): cpu = 00:00:02 ; elapsed = 00:00:10 . Memory (MB): peak = 1662.656 ; gain = 595.023
---------------------------------------------------------------------------------
---------------------------------------------------------------------------------
Finished RTL Optimization Phase 2 : Time (s): cpu = 00:00:02 ; elapsed = 00:00:10 . Memory (MB): peak = 1662.656 ; gain = 595.023
---------------------------------------------------------------------------------
---------------------------------------------------------------------------------
Start RTL Component Statistics 
---------------------------------------------------------------------------------
Detailed RTL Component Info : 
+---Adders : 
	   2 Input   32 Bit       Adders := 1     
	   2 Input    1 Bit       Adders := 1     
+---Registers : 
	               32 Bit    Registers := 1     
	                1 Bit    Registers := 2     
+---Muxes : 
	   2 Input    2 Bit        Muxes := 1     
	   3 Input    1 Bit        Muxes := 1     
---------------------------------------------------------------------------------
Finished RTL Component Statistics 
---------------------------------------------------------------------------------
---------------------------------------------------------------------------------
Start Part Resource Summary
---------------------------------------------------------------------------------
Part Resources:
DSPs: 90 (col length:60)
BRAMs: 100 (col length: RAMB18 60 RAMB36 30)
---------------------------------------------------------------------------------
Finished Part Resource Summary
---------------------------------------------------------------------------------
---------------------------------------------------------------------------------
Start Cross Boundary and Area Optimization
---------------------------------------------------------------------------------
WARNING: [Synth 8-7080] Parallel synthesis criteria is not met
WARNING: [Synth 8-3917] design top has port Leds[15] driven by constant 0
WARNING: [Synth 8-3917] design top has port Leds[14] driven by constant 0
WARNING: [Synth 8-3917] design top has port Leds[13] driven by constant 0
WARNING: [Synth 8-3917] design top has port Leds[12] driven by constant 0
WARNING: [Synth 8-3917] design top has port Leds[11] driven by constant 0
WARNING: [Synth 8-3917] design top has port Leds[10] driven by constant 0
WARNING: [Synth 8-3917] design top has port Leds[9] driven by constant 0
WARNING: [Synth 8-3917] design top has port Leds[8] driven by constant 0
WARNING: [Synth 8-3917] design top has port Leds[7] driven by constant 0
WARNING: [Synth 8-3917] design top has port Leds[6] driven by constant 0
WARNING: [Synth 8-3917] design top has port Leds[5] driven by constant 0
WARNING: [Synth 8-3917] design top has port Leds[4] driven by constant 0
WARNING: [Synth 8-3917] design top has port Leds[3] driven by constant 0
WARNING: [Synth 8-3917] design top has port Leds[2] driven by constant 0
---------------------------------------------------------------------------------
Finished Cross Boundary and Area Optimization : Time (s): cpu = 00:00:02 ; elapsed = 00:00:11 . Memory (MB): peak = 1662.656 ; gain = 595.023
---------------------------------------------------------------------------------
---------------------------------------------------------------------------------
Start Applying XDC Timing Constraints
---------------------------------------------------------------------------------
---------------------------------------------------------------------------------
Finished Applying XDC Timing Constraints : Time (s): cpu = 00:00:03 ; elapsed = 00:00:15 . Memory (MB): peak = 1662.656 ; gain = 595.023
---------------------------------------------------------------------------------
---------------------------------------------------------------------------------
Start Timing Optimization
---------------------------------------------------------------------------------
---------------------------------------------------------------------------------
Finished Timing Optimization : Time (s): cpu = 00:00:03 ; elapsed = 00:00:16 . Memory (MB): peak = 1662.656 ; gain = 595.023
---------------------------------------------------------------------------------
---------------------------------------------------------------------------------
Start Technology Mapping
---------------------------------------------------------------------------------
---------------------------------------------------------------------------------
Finished Technology Mapping : Time (s): cpu = 00:00:03 ; elapsed = 00:00:16 . Memory (MB): peak = 1662.656 ; gain = 595.023
---------------------------------------------------------------------------------
---------------------------------------------------------------------------------
Start IO Insertion
---------------------------------------------------------------------------------
---------------------------------------------------------------------------------
Start Flattening Before IO Insertion
---------------------------------------------------------------------------------
---------------------------------------------------------------------------------
Finished Flattening Before IO Insertion
---------------------------------------------------------------------------------
---------------------------------------------------------------------------------
Start Final Netlist Cleanup
---------------------------------------------------------------------------------
---------------------------------------------------------------------------------
Finished Final Netlist Cleanup
---------------------------------------------------------------------------------
---------------------------------------------------------------------------------
Finished IO Insertion : Time (s): cpu = 00:00:04 ; elapsed = 00:00:19 . Memory (MB): peak = 1662.656 ; gain = 595.023
---------------------------------------------------------------------------------
---------------------------------------------------------------------------------
Start Renaming Generated Instances
---------------------------------------------------------------------------------
---------------------------------------------------------------------------------
Finished Renaming Generated Instances : Time (s): cpu = 00:00:04 ; elapsed = 00:00:19 . Memory (MB): peak = 1662.656 ; gain = 595.023
---------------------------------------------------------------------------------
---------------------------------------------------------------------------------
Start Rebuilding User Hierarchy
---------------------------------------------------------------------------------
---------------------------------------------------------------------------------
Finished Rebuilding User Hierarchy : Time (s): cpu = 00:00:04 ; elapsed = 00:00:19 . Memory (MB): peak = 1662.656 ; gain = 595.023
---------------------------------------------------------------------------------
---------------------------------------------------------------------------------
Start Renaming Generated Ports
---------------------------------------------------------------------------------
---------------------------------------------------------------------------------
Finished Renaming Generated Ports : Time (s): cpu = 00:00:04 ; elapsed = 00:00:19 . Memory (MB): peak = 1662.656 ; gain = 595.023
---------------------------------------------------------------------------------
---------------------------------------------------------------------------------
Start Handling Custom Attributes
---------------------------------------------------------------------------------
---------------------------------------------------------------------------------
Finished Handling Custom Attributes : Time (s): cpu = 00:00:04 ; elapsed = 00:00:19 . Memory (MB): peak = 1662.656 ; gain = 595.023
---------------------------------------------------------------------------------
---------------------------------------------------------------------------------
Start Renaming Generated Nets
---------------------------------------------------------------------------------
---------------------------------------------------------------------------------
Finished Renaming Generated Nets : Time (s): cpu = 00:00:04 ; elapsed = 00:00:19 . Memory (MB): peak = 1662.656 ; gain = 595.023
---------------------------------------------------------------------------------
---------------------------------------------------------------------------------
Start Writing Synthesis Report
---------------------------------------------------------------------------------

Report BlackBoxes: 
+-+--------------+----------+
| |BlackBox name |Instances |
+-+--------------+----------+
+-+--------------+----------+

Report Cell Usage: 
+------+-------+------+
|      |Cell   |Count |
+------+-------+------+
|1     |BUFG   |     1|
|2     |CARRY4 |     8|
|3     |LUT1   |     2|
|4     |LUT2   |     1|
|5     |LUT3   |     1|
|6     |LUT4   |     2|
|7     |LUT5   |     2|
|8     |LUT6   |     5|
|9     |FDRE   |    34|
|10    |IBUF   |     3|
|11    |OBUF   |    16|
+------+-------+------+
---------------------------------------------------------------------------------
Finished Writing Synthesis Report : Time (s): cpu = 00:00:04 ; elapsed = 00:00:19 . Memory (MB): peak = 1662.656 ; gain = 595.023
---------------------------------------------------------------------------------
Synthesis finished with 0 errors, 0 critical warnings and 15 warnings.
Synthesis Optimization Runtime : Time (s): cpu = 00:00:03 ; elapsed = 00:00:17 . Memory (MB): peak = 1662.656 ; gain = 556.996
Synthesis Optimization Complete : Time (s): cpu = 00:00:04 ; elapsed = 00:00:19 . Memory (MB): peak = 1662.656 ; gain = 595.023
INFO: [Project 1-571] Translating synthesized netlist
Netlist sorting complete. Time (s): cpu = 00:00:00 ; elapsed = 00:00:00.001 . Memory (MB): peak = 1662.656 ; gain = 0.000
INFO: [Netlist 29-17] Analyzing 8 Unisim elements for replacement
INFO: [Netlist 29-28] Unisim Transformation completed in 0 CPU seconds
INFO: [Project 1-570] Preparing netlist for logic optimization
INFO: [Opt 31-138] Pushed 0 inverter(s) to 0 load pin(s).
Netlist sorting complete. Time (s): cpu = 00:00:00 ; elapsed = 00:00:00 . Memory (MB): peak = 1662.656 ; gain = 0.000
INFO: [Project 1-111] Unisim Transformation Summary:
No Unisim elements were transformed.

Synth Design complete | Checksum: 50364b8f
INFO: [Common 17-83] Releasing license: Synthesis
27 Infos, 43 Warnings, 0 Critical Warnings and 0 Errors encountered.
synth_design completed successfully
synth_design: Time (s): cpu = 00:00:04 ; elapsed = 00:00:23 . Memory (MB): peak = 1662.656 ; gain = 993.793
Write ShapeDB Complete: Time (s): cpu = 00:00:00 ; elapsed = 00:00:00 . Memory (MB): peak = 1662.656 ; gain = 0.000
INFO: [Common 17-1381] The checkpoint 'C:/Users/kevin/OneDrive/Documents/GitHub/Projectos FPGA/project_5/project_5.runs/synth_1/top.dcp' has been generated.
INFO: [Vivado 12-24828] Executing command : report_utilization -file top_utilization_synth.rpt -pb top_utilization_synth.pb
INFO: [Common 17-206] Exiting Vivado at Mon Aug 26 20:44:58 2024...
